<?xml version="1.0" encoding="utf-8"?><testsuites name="pytest tests"><testsuite name="pytest" errors="0" failures="0" skipped="0" tests="25" time="2.554" timestamp="2026-07-12T06:47:35.870632+00:00" hostname="agent-env-0d918a48-7fe6-4bcb-b039-282e9940c626"><testcase classname="tests.backend_test.TestProducts" name="test_list_seeded" time="0.284" /><testcase classname="tests.backend_test.TestResources" name="test_list[categories-6]" time="0.269" /><testcase classname="tests.backend_test.TestResources" name="test_list[brands-6]" time="0.045" /><testcase classname="tests.backend_test.TestProducts" name="test_filters" time="0.042" /><testcase classname="tests.backend_test.TestResources" name="test_list[offers-3]" time="0.042" /><testcase classname="tests.backend_test.TestProducts" name="test_search" time="0.037" /><testcase classname="tests.backend_test.TestResources" name="test_list[gallery-6]" time="0.062" /><testcase classname="tests.backend_test.TestProducts" name="test_sort_price_asc" time="0.041" /><testcase classname="tests.backend_test.TestProducts" name="test_price_range" time="0.041" /><testcase classname="tests.backend_test.TestResources" name="test_list[banners-3]" time="0.040" /><testcase classname="tests.backend_test.TestProducts" name="test_get_by_slug_and_views" time="0.078" /><testcase classname="tests.backend_test.TestResources" name="test_list[testimonials-3]" time="0.040" /><testcase classname="tests.backend_test.TestProducts" name="test_related" time="0.284" /><testcase classname="tests.backend_test.TestResources" name="test_category_crud" time="0.702" /><testcase classname="tests.backend_test.TestProducts" name="test_create_requires_auth" time="0.082" /><testcase classname="tests.backend_test.TestProducts" name="test_admin_crud_and_stock" time="0.746" /><testcase classname="tests.backend_test.TestAuth" name="test_login_wrong" time="0.265" /><testcase classname="tests.backend_test.TestAuth" name="test_me_no_auth" time="0.079" /><testcase classname="tests.backend_test.TestAuth" name="test_me_ok" time="0.041" /><testcase classname="tests.backend_test.TestAnalytics" name="test_summary_requires_auth" time="0.079" /><testcase classname="tests.backend_test.TestSettings" name="test_get_public" time="0.038" /><testcase classname="tests.backend_test.TestAnalytics" name="test_summary" time="0.052" /><testcase classname="tests.backend_test.TestSettings" name="test_update_admin" time="0.119" /><testcase classname="tests.backend_test.TestInquiries" name="test_public_create_and_admin_list" time="0.292" /><testcase classname="tests.backend_test.TestNewsletter" name="test_subscribe" time="0.169" /></testsuite></testsuites>