<?xml version="1.0" encoding="utf-8"?><testsuites name="pytest tests"><testsuite name="pytest" errors="0" failures="0" skipped="0" tests="32" time="3.060" timestamp="2026-07-12T08:49:20.806967+00:00" hostname="agent-env-0d918a48-7fe6-4bcb-b039-282e9940c626"><testcase classname="tests.backend_test.TestProducts" name="test_list_seeded" time="0.262" /><testcase classname="tests.backend_test.TestResources" name="test_list[categories-6]" time="0.257" /><testcase classname="tests.backend_test.TestResources" name="test_list[brands-6]" time="0.041" /><testcase classname="tests.backend_test.TestProducts" name="test_filters" time="0.046" /><testcase classname="tests.backend_test.TestResources" name="test_list[offers-3]" time="0.047" /><testcase classname="tests.backend_test.TestProducts" name="test_search" time="0.084" /><testcase classname="tests.backend_test.TestResources" name="test_list[gallery-6]" time="0.100" /><testcase classname="tests.backend_test.TestProducts" name="test_sort_price_asc" time="0.044" /><testcase classname="tests.backend_test.TestProducts" name="test_price_range" time="0.044" /><testcase classname="tests.backend_test.TestResources" name="test_list[banners-3]" time="0.041" /><testcase classname="tests.backend_test.TestProducts" name="test_get_by_slug_and_views" time="0.088" /><testcase classname="tests.backend_test.TestResources" name="test_list[testimonials-3]" time="0.083" /><testcase classname="tests.backend_test.TestProducts" name="test_related" time="0.272" /><testcase classname="tests.backend_test.TestResources" name="test_category_crud" time="0.746" /><testcase classname="tests.backend_test.TestProducts" name="test_create_requires_auth" time="0.040" /><testcase classname="tests.backend_test.TestProducts" name="test_admin_crud_and_stock" time="0.569" /><testcase classname="tests.backend_test.TestWhatsApp" name="test_settings_has_whatsapp_defaults" time="0.044" /><testcase classname="tests.backend_test.TestWhatsApp" name="test_settings_update_wa_fields" time="0.401" /><testcase classname="tests.backend_test.TestAuth" name="test_login_wrong" time="0.306" /><testcase classname="tests.backend_test.TestAuth" name="test_me_no_auth" time="0.043" /><testcase classname="tests.backend_test.TestWhatsApp" name="test_track_event" time="0.092" /><testcase classname="tests.backend_test.TestAuth" name="test_me_ok" time="0.053" /><testcase classname="tests.backend_test.TestWhatsApp" name="test_track_invalid_event_type" time="0.044" /><testcase classname="tests.backend_test.TestSettings" name="test_get_public" time="0.042" /><testcase classname="tests.backend_test.TestSettings" name="test_update_admin" time="0.125" /><testcase classname="tests.backend_test.TestWhatsApp" name="test_analytics_requires_admin" time="0.040" /><testcase classname="tests.backend_test.TestWhatsApp" name="test_analytics_and_counts_increment" time="0.244" /><testcase classname="tests.backend_test.TestAnalytics" name="test_summary_requires_auth" time="0.040" /><testcase classname="tests.backend_test.TestAnalytics" name="test_summary" time="0.048" /><testcase classname="tests.backend_test.TestNewsletter" name="test_subscribe" time="0.124" /><testcase classname="tests.backend_test.TestWhatsApp" name="test_summary_includes_wa_fields" time="0.049" /><testcase classname="tests.backend_test.TestInquiries" name="test_public_create_and_admin_list" time="0.288" /></testsuite></testsuites>